1574435496728:hello
1574435502050:help
1574435512520:list-user
1574435588422:help
1574436463788:list-user help
1574436468783:help list-user
1574436525710:list-user --uuid 123
1574436560707:list-user
1574437159745:help
1574437564263:help list-user
1574437684322:cler
1574437686047:clear
1574437710035:history
1574440261787:list
1574440264289:help
1574444181810:l
1574444184341:help
1574444193496:clear
1574444196609:help
1574444209013:create-user
1574444222609:list-user
1574444439689:help
1574501699978:list
1574501702292:~help
1574501705812:help
1574501709955:login
1574501716357:list-user
1574501885477:list-user 123
1574501897885:help list-user
1574501907621:list-user 1
1574502989436:list-user
1574502992419:help
1574503145038:list-user
1574506116098:list-user 1
1574506279837:list-user
1574506320131:help
1574506324603:news
1574506327691:help
1574506330803:news
1574506333027:help
1574506339748:help list-user
1574506366580:send 2 ola
1574506937035:news
1574506939667:help
1574506942179:news 1
1574507177682:mews 1
1574507180140:news 1
1574507226536:all 1q
1574507228076:all 1
1574507232307:all
1574507253968:all 1
1574507256244:all 2
1574507289371:all 1
1574507297091:news 1
1574507306282:hwlp
1574507308171:help
1574507312765:list-user
1574507319571:new 1
1574507324939:news 1
1574507377244:list-user
1574507382612:list-user 2
1574507387868:all 2
1574507403995:news 2
1574507808800:help
1574507812771:list-all
1574507821300:list-user 1
1574507827140:list-user 2
1574507848428:list-user 1
1574508234535:news 1
1574508241195:news 2
1574508250035:list-all
1574508265867:news 1
1574508268643:news 2
1574508621945:list-user
1574508624875:list-all
1574508629140:news 12
1574508631555:news 2
1574508757058:list-user
1574508760548:list-all
1574508763578:news 2
1574509283800:all 2
1574509399039:news 2
1574509426523:all 2
1574509486387:ll 2
1574509489739:all 2
1574509829345:send 2 ola
1574510876439:news 2
1574510879651:news 1
1574510882898:news 3
1574510887627:list-users
1574510890635:list-all
1574510894923:news 4
1574510899851:send 4 ola
1574511122129:send 2 ola
1574511166588:send 2 1
1574511245394:send 1 ola
1574511641264:send 1 ol
1574511722008:send 1 ola
1574514163030:list-all
1574514170469:send 1 ola
1574514493625:send 1 oka
1574514542850:send 1 ol<
1574514685376:send 1 ola
1574515071313:sed 1 ola
1574515073995:send 1 ola
